[debug] [2021-02-06T02:45:16.218Z] ----------------------------------------------------------------------
[debug] [2021-02-06T02:45:16.221Z] Command:       C:\Program Files\nodejs\node.exe C:\Users\alexx\AppData\Roaming\npm\node_modules\firebase-tools\lib\bin\firebase.js emulators:start
[debug] [2021-02-06T02:45:16.221Z] CLI Version:   9.1.0
[debug] [2021-02-06T02:45:16.221Z] Platform:      win32
[debug] [2021-02-06T02:45:16.221Z] Node Version:  v12.18.3
[debug] [2021-02-06T02:45:16.222Z] Time:          Fri Feb 05 2021 23:45:16 GMT-0300 (Brasilia Standard Time)
[debug] [2021-02-06T02:45:16.223Z] ----------------------------------------------------------------------
[debug] [2021-02-06T02:45:16.223Z] 
[debug] [2021-02-06T02:45:16.230Z] > command requires scopes: ["email","openid","https://www.googleapis.com/auth/cloudplatformprojects.readonly","https://www.googleapis.com/auth/firebase","https://www.googleapis.com/auth/cloud-platform"]
[debug] [2021-02-06T02:45:16.231Z] > authorizing via signed-in user
[info] i  emulators: Starting emulators: auth, functions, firestore, hosting {"metadata":{"emulator":{"name":"hub"},"message":"Starting emulators: auth, functions, firestore, hosting"}}
[debug] [2021-02-06T02:45:18.292Z] [hub] writing locator at C:\Users\alexx\AppData\Local\Temp\hub-atlas-ares.json
[warn] !  functions: The following emulators are not running, calls to these services from the Functions emulator will affect production: database, pubsub {"metadata":{"emulator":{"name":"functions"},"message":"The following emulators are not running, calls to these services from the Functions emulator will affect production: \u001b[1mdatabase, pubsub\u001b[22m"}}
[info] +  functions: Using node@12 from host. {"metadata":{"emulator":{"name":"functions"},"message":"Using node@12 from host."}}
[debug] [2021-02-06T02:45:20.374Z] defaultcredentials: writing to file C:\Users\alexx\AppData\Roaming\firebase\alex_xande10_gmail.com_application_default_credentials.json
[debug] [2021-02-06T02:45:20.377Z] Setting GAC to C:\Users\alexx\AppData\Roaming\firebase\alex_xande10_gmail.com_application_default_credentials.json {"metadata":{"emulator":{"name":"functions"},"message":"Setting GAC to C:\\Users\\alexx\\AppData\\Roaming\\firebase\\alex_xande10_gmail.com_application_default_credentials.json"}}
[debug] [2021-02-06T02:45:22.403Z] Ignoring unsupported arg: projectId {"metadata":{"emulator":{"name":"firestore"},"message":"Ignoring unsupported arg: projectId"}}
[debug] [2021-02-06T02:45:22.404Z] Ignoring unsupported arg: auto_download {"metadata":{"emulator":{"name":"firestore"},"message":"Ignoring unsupported arg: auto_download"}}
[debug] [2021-02-06T02:45:22.404Z] Starting Firestore Emulator with command {"binary":"java","args":["-Dgoogle.cloud_firestore.debug_log_level=FINE","-Duser.language=en","-jar","C:\\Users\\alexx\\.cache\\firebase\\emulators\\cloud-firestore-emulator-v1.11.11.jar","--host","localhost","--port",8080,"--rules","C:\\Users\\alexx\\Desktop\\code_windows\\Olympus\\ares\\firestore.rules","--functions_emulator","localhost:5001"],"optionalArgs":["port","webchannel_port","host","rules","functions_emulator","seed_from_export"],"joinArgs":false} {"metadata":{"emulator":{"name":"firestore"},"message":"Starting Firestore Emulator with command {\"binary\":\"java\",\"args\":[\"-Dgoogle.cloud_firestore.debug_log_level=FINE\",\"-Duser.language=en\",\"-jar\",\"C:\\\\Users\\\\alexx\\\\.cache\\\\firebase\\\\emulators\\\\cloud-firestore-emulator-v1.11.11.jar\",\"--host\",\"localhost\",\"--port\",8080,\"--rules\",\"C:\\\\Users\\\\alexx\\\\Desktop\\\\code_windows\\\\Olympus\\\\ares\\\\firestore.rules\",\"--functions_emulator\",\"localhost:5001\"],\"optionalArgs\":[\"port\",\"webchannel_port\",\"host\",\"rules\",\"functions_emulator\",\"seed_from_export\"],\"joinArgs\":false}"}}
[info] i  firestore: Firestore Emulator logging to firestore-debug.log {"metadata":{"emulator":{"name":"firestore"},"message":"Firestore Emulator logging to \u001b[1mfirestore-debug.log\u001b[22m"}}
[debug] [2021-02-06T02:45:30.731Z] >>> HTTP REQUEST GET https://firebase.googleapis.com/v1beta1/projects/atlas-ares/webApps/-/config  
 
[debug] [2021-02-06T02:45:32.146Z] <<< HTTP RESPONSE 200 {"content-type":"application/json; charset=UTF-8","vary":"X-Origin, Referer, Origin,Accept-Encoding","date":"Sat, 06 Feb 2021 02:45:32 GMT","server":"ESF","cache-control":"private","x-xss-protection":"0","x-frame-options":"SAMEORIGIN","x-content-type-options":"nosniff","alt-svc":"h3-29=\":443\"; ma=2592000,h3-T051=\":443\"; ma=2592000,h3-Q050=\":443\"; ma=2592000,h3-Q046=\":443\"; ma=2592000,h3-Q043=\":443\"; ma=2592000,quic=\":443\"; ma=2592000; v=\"46,43\"","accept-ranges":"none","transfer-encoding":"chunked"}
[info] i  hosting: Serving hosting files from: build {"metadata":{"emulator":{"name":"hosting"},"message":"Serving hosting files from: \u001b[1mbuild\u001b[22m"}}
[info] +  hosting: Local server: http://localhost:5000 {"metadata":{"emulator":{"name":"hosting"},"message":"Local server: \u001b[4m\u001b[1mhttp://localhost:5000\u001b[22m\u001b[24m"}}
[debug] [2021-02-06T02:45:36.228Z] Ignoring unsupported arg: auto_download {"metadata":{"emulator":{"name":"ui"},"message":"Ignoring unsupported arg: auto_download"}}
[debug] [2021-02-06T02:45:36.228Z] Ignoring unsupported arg: port {"metadata":{"emulator":{"name":"ui"},"message":"Ignoring unsupported arg: port"}}
[debug] [2021-02-06T02:45:36.228Z] Starting Emulator UI with command {"binary":"node","args":["C:\\Users\\alexx\\.cache\\firebase\\emulators\\ui-v1.4.1\\server.bundle.js"],"optionalArgs":[],"joinArgs":false} {"metadata":{"emulator":{"name":"ui"},"message":"Starting Emulator UI with command {\"binary\":\"node\",\"args\":[\"C:\\\\Users\\\\alexx\\\\.cache\\\\firebase\\\\emulators\\\\ui-v1.4.1\\\\server.bundle.js\"],\"optionalArgs\":[],\"joinArgs\":false}"}}
[info] i  ui: Emulator UI logging to ui-debug.log {"metadata":{"emulator":{"name":"ui"},"message":"Emulator UI logging to \u001b[1mui-debug.log\u001b[22m"}}
[debug] [2021-02-06T02:45:36.359Z] Web / API server started at http://localhost:4000
 {"metadata":{"emulator":{"name":"ui"},"message":"Web / API server started at http://localhost:4000\n"}}
[info] i  functions: Watching "C:\Users\alexx\Desktop\code_windows\Olympus\ares\functions" for Cloud Functions... {"metadata":{"emulator":{"name":"functions"},"message":"Watching \"C:\\Users\\alexx\\Desktop\\code_windows\\Olympus\\ares\\functions\" for Cloud Functions..."}}
[debug] [2021-02-06T02:45:36.764Z] [worker-pool] addWorker(~diagnostic~) {"metadata":{"emulator":{"name":"functions"},"message":"[worker-pool] addWorker(~diagnostic~)"}}
[debug] [2021-02-06T02:45:36.765Z] [worker-pool] Adding worker with key ~diagnostic~, total=1 {"metadata":{"emulator":{"name":"functions"},"message":"[worker-pool] Adding worker with key ~diagnostic~, total=1"}}
[debug] [2021-02-06T02:45:36.765Z] [worker-pool] submitWork(triggerId=) {"metadata":{"emulator":{"name":"functions"},"message":"[worker-pool] submitWork(triggerId=)"}}
[debug] [2021-02-06T02:45:36.766Z] [worker-~diagnostic~-d726bff0-a5f5-4675-91de-191a735a5558]: Assigning socketPath: \\?\pipe\C:\Users\alexx\Desktop\code_windows\Olympus\ares\functions\10852 {"metadata":{"emulator":{"name":"functions"},"message":"[worker-~diagnostic~-d726bff0-a5f5-4675-91de-191a735a5558]: Assigning socketPath: \\\\?\\pipe\\C:\\Users\\alexx\\Desktop\\code_windows\\Olympus\\ares\\functions\\10852"}}
[debug] [2021-02-06T02:45:36.767Z] [worker-~diagnostic~-d726bff0-a5f5-4675-91de-191a735a5558]: BUSY {"metadata":{"emulator":{"name":"functions"},"message":"[worker-~diagnostic~-d726bff0-a5f5-4675-91de-191a735a5558]: BUSY"}}
[debug] [2021-02-06T02:45:36.995Z] [runtime-status] [10852] Functions runtime initialized. {"cwd":"C:\\Users\\alexx\\Desktop\\code_windows\\Olympus\\ares\\functions","node_version":"12.18.3"} {"metadata":{"emulator":{"name":"functions"},"message":"[runtime-status] [10852] Functions runtime initialized. {\"cwd\":\"C:\\\\Users\\\\alexx\\\\Desktop\\\\code_windows\\\\Olympus\\\\ares\\\\functions\",\"node_version\":\"12.18.3\"}"}}
[debug] [2021-02-06T02:45:36.995Z] [runtime-status] [10852] Disabled runtime features: undefined {"metadata":{"emulator":{"name":"functions"},"message":"[runtime-status] [10852] Disabled runtime features: undefined"}}
[debug] [2021-02-06T02:45:36.998Z] [runtime-status] [10852] Resolved module firebase-admin {"declared":true,"installed":true,"version":"9.4.2","resolution":"C:\\Users\\alexx\\Desktop\\code_windows\\Olympus\\ares\\functions\\node_modules\\firebase-admin\\lib\\index.js"} {"metadata":{"emulator":{"name":"functions"},"message":"[runtime-status] [10852] Resolved module firebase-admin {\"declared\":true,\"installed\":true,\"version\":\"9.4.2\",\"resolution\":\"C:\\\\Users\\\\alexx\\\\Desktop\\\\code_windows\\\\Olympus\\\\ares\\\\functions\\\\node_modules\\\\firebase-admin\\\\lib\\\\index.js\"}"}}
[debug] [2021-02-06T02:45:37.000Z] [runtime-status] [10852] Resolved module firebase-functions {"declared":true,"installed":true,"version":"3.13.1","resolution":"C:\\Users\\alexx\\Desktop\\code_windows\\Olympus\\ares\\functions\\node_modules\\firebase-functions\\lib\\index.js"} {"metadata":{"emulator":{"name":"functions"},"message":"[runtime-status] [10852] Resolved module firebase-functions {\"declared\":true,\"installed\":true,\"version\":\"3.13.1\",\"resolution\":\"C:\\\\Users\\\\alexx\\\\Desktop\\\\code_windows\\\\Olympus\\\\ares\\\\functions\\\\node_modules\\\\firebase-functions\\\\lib\\\\index.js\"}"}}
[debug] [2021-02-06T02:45:37.001Z] [runtime-status] [10852] Resolved module firebase-functions {"declared":true,"installed":true,"version":"3.13.1","resolution":"C:\\Users\\alexx\\Desktop\\code_windows\\Olympus\\ares\\functions\\node_modules\\firebase-functions\\lib\\index.js"} {"metadata":{"emulator":{"name":"functions"},"message":"[runtime-status] [10852] Resolved module firebase-functions {\"declared\":true,\"installed\":true,\"version\":\"3.13.1\",\"resolution\":\"C:\\\\Users\\\\alexx\\\\Desktop\\\\code_windows\\\\Olympus\\\\ares\\\\functions\\\\node_modules\\\\firebase-functions\\\\lib\\\\index.js\"}"}}
[debug] [2021-02-06T02:45:37.003Z] [runtime-status] [10852] Outgoing network have been stubbed. [{"name":"http","status":"mocked"},{"name":"http","status":"mocked"},{"name":"https","status":"mocked"},{"name":"https","status":"mocked"},{"name":"net","status":"mocked"}] {"metadata":{"emulator":{"name":"functions"},"message":"[runtime-status] [10852] Outgoing network have been stubbed. [{\"name\":\"http\",\"status\":\"mocked\"},{\"name\":\"http\",\"status\":\"mocked\"},{\"name\":\"https\",\"status\":\"mocked\"},{\"name\":\"https\",\"status\":\"mocked\"},{\"name\":\"net\",\"status\":\"mocked\"}]"}}
[debug] [2021-02-06T02:45:37.004Z] [runtime-status] [10852] Resolved module firebase-functions {"declared":true,"installed":true,"version":"3.13.1","resolution":"C:\\Users\\alexx\\Desktop\\code_windows\\Olympus\\ares\\functions\\node_modules\\firebase-functions\\lib\\index.js"} {"metadata":{"emulator":{"name":"functions"},"message":"[runtime-status] [10852] Resolved module firebase-functions {\"declared\":true,\"installed\":true,\"version\":\"3.13.1\",\"resolution\":\"C:\\\\Users\\\\alexx\\\\Desktop\\\\code_windows\\\\Olympus\\\\ares\\\\functions\\\\node_modules\\\\firebase-functions\\\\lib\\\\index.js\"}"}}
[debug] [2021-02-06T02:45:37.054Z] [runtime-status] [10852] Checked functions.config() {"config":{}} {"metadata":{"emulator":{"name":"functions"},"message":"[runtime-status] [10852] Checked functions.config() {\"config\":{}}"}}
[debug] [2021-02-06T02:45:37.054Z] [runtime-status] [10852] firebase-functions has been stubbed. {"functionsResolution":{"declared":true,"installed":true,"version":"3.13.1","resolution":"C:\\Users\\alexx\\Desktop\\code_windows\\Olympus\\ares\\functions\\node_modules\\firebase-functions\\lib\\index.js"}} {"metadata":{"emulator":{"name":"functions"},"message":"[runtime-status] [10852] firebase-functions has been stubbed. {\"functionsResolution\":{\"declared\":true,\"installed\":true,\"version\":\"3.13.1\",\"resolution\":\"C:\\\\Users\\\\alexx\\\\Desktop\\\\code_windows\\\\Olympus\\\\ares\\\\functions\\\\node_modules\\\\firebase-functions\\\\lib\\\\index.js\"}}"}}
[debug] [2021-02-06T02:45:37.055Z] [runtime-status] [10852] Resolved module firebase-functions {"declared":true,"installed":true,"version":"3.13.1","resolution":"C:\\Users\\alexx\\Desktop\\code_windows\\Olympus\\ares\\functions\\node_modules\\firebase-functions\\lib\\index.js"} {"metadata":{"emulator":{"name":"functions"},"message":"[runtime-status] [10852] Resolved module firebase-functions {\"declared\":true,\"installed\":true,\"version\":\"3.13.1\",\"resolution\":\"C:\\\\Users\\\\alexx\\\\Desktop\\\\code_windows\\\\Olympus\\\\ares\\\\functions\\\\node_modules\\\\firebase-functions\\\\lib\\\\index.js\"}"}}
[debug] [2021-02-06T02:45:37.056Z] [runtime-status] [10852] Resolved module firebase-admin {"declared":true,"installed":true,"version":"9.4.2","resolution":"C:\\Users\\alexx\\Desktop\\code_windows\\Olympus\\ares\\functions\\node_modules\\firebase-admin\\lib\\index.js"} {"metadata":{"emulator":{"name":"functions"},"message":"[runtime-status] [10852] Resolved module firebase-admin {\"declared\":true,\"installed\":true,\"version\":\"9.4.2\",\"resolution\":\"C:\\\\Users\\\\alexx\\\\Desktop\\\\code_windows\\\\Olympus\\\\ares\\\\functions\\\\node_modules\\\\firebase-admin\\\\lib\\\\index.js\"}"}}
[debug] [2021-02-06T02:45:37.056Z] [runtime-status] [10852] Resolved module firebase-functions {"declared":true,"installed":true,"version":"3.13.1","resolution":"C:\\Users\\alexx\\Desktop\\code_windows\\Olympus\\ares\\functions\\node_modules\\firebase-functions\\lib\\index.js"} {"metadata":{"emulator":{"name":"functions"},"message":"[runtime-status] [10852] Resolved module firebase-functions {\"declared\":true,\"installed\":true,\"version\":\"3.13.1\",\"resolution\":\"C:\\\\Users\\\\alexx\\\\Desktop\\\\code_windows\\\\Olympus\\\\ares\\\\functions\\\\node_modules\\\\firebase-functions\\\\lib\\\\index.js\"}"}}
[debug] [2021-02-06T02:45:37.057Z] [runtime-status] [10852] firebase-admin has been stubbed. {"adminResolution":{"declared":true,"installed":true,"version":"9.4.2","resolution":"C:\\Users\\alexx\\Desktop\\code_windows\\Olympus\\ares\\functions\\node_modules\\firebase-admin\\lib\\index.js"}} {"metadata":{"emulator":{"name":"functions"},"message":"[runtime-status] [10852] firebase-admin has been stubbed. {\"adminResolution\":{\"declared\":true,\"installed\":true,\"version\":\"9.4.2\",\"resolution\":\"C:\\\\Users\\\\alexx\\\\Desktop\\\\code_windows\\\\Olympus\\\\ares\\\\functions\\\\node_modules\\\\firebase-admin\\\\lib\\\\index.js\"}}"}}
[info] +  functions[helloWorld]: http function initialized (http://localhost:5001/atlas-ares/us-central1/helloWorld). {"metadata":{"emulator":{"name":"functions"},"message":"\u001b[1mhttp\u001b[22m function initialized (http://localhost:5001/atlas-ares/us-central1/helloWorld)."}}
[info] 
┌─────────────────────────────────────────────────────────────┐
│ ✔  All emulators ready! It is now safe to connect your app. │
│ i  View Emulator UI at http://localhost:4000                │
└─────────────────────────────────────────────────────────────┘

┌────────────────┬────────────────┬─────────────────────────────────┐
│ Emulator       │ Host:Port      │ View in Emulator UI             │
├────────────────┼────────────────┼─────────────────────────────────┤
│ Authentication │ localhost:9099 │ http://localhost:4000/auth      │
├────────────────┼────────────────┼─────────────────────────────────┤
│ Functions      │ localhost:5001 │ http://localhost:4000/functions │
├────────────────┼────────────────┼─────────────────────────────────┤
│ Firestore      │ localhost:8080 │ http://localhost:4000/firestore │
├────────────────┼────────────────┼─────────────────────────────────┤
│ Hosting        │ localhost:5000 │ n/a                             │
└────────────────┴────────────────┴─────────────────────────────────┘
  Emulator Hub running at localhost:4400
  Other reserved ports: 4500

Issues? Report them at https://github.com/firebase/firebase-tools/issues and attach the *-debug.log files.
 
[debug] [2021-02-06T02:45:37.101Z] [worker-~diagnostic~-d726bff0-a5f5-4675-91de-191a735a5558]: IDLE {"metadata":{"emulator":{"name":"functions"},"message":"[worker-~diagnostic~-d726bff0-a5f5-4675-91de-191a735a5558]: IDLE"}}
[debug] [2021-02-07T18:50:06.407Z] [worker-~diagnostic~-d726bff0-a5f5-4675-91de-191a735a5558]: exited {"metadata":{"emulator":{"name":"functions"},"message":"[worker-~diagnostic~-d726bff0-a5f5-4675-91de-191a735a5558]: exited"}}
